<?xml version="1.0" encoding="UTF-8"?>
<testng-results ignored="0" total="1" passed="1" failed="0" skipped="0">
  <reporter-output>
  </reporter-output>
  <suite started-at="2024-02-28T16:24:52 IST" name="Default suite" finished-at="2024-02-28T16:25:03 IST" duration-ms="11698">
    <groups>
    </groups>
    <test started-at="2024-02-28T16:24:52 IST" name="Default test" finished-at="2024-02-28T16:25:03 IST" duration-ms="11698">
      <class name="first.firstOne">
        <test-method signature="mm()[pri:0, instance:first.firstOne@31304f14]" started-at="2024-02-28T16:24:52 IST" name="mm" finished-at="2024-02-28T16:25:03 IST" duration-ms="11638" status="PASS">
          <reporter-output>
          </reporter-output>
        </test-method> <!-- mm -->
      </class> <!-- first.firstOne -->
    </test> <!-- Default test -->
  </suite> <!-- Default suite -->
</testng-results>
