<?xml version="1.0" encoding="UTF-8"?>
<testng-results ignored="0" total="1" passed="1" failed="0" skipped="0">
  <reporter-output>
  </reporter-output>
  <suite started-at="2024-02-28T12:42:46 IST" name="Default suite" finished-at="2024-02-28T12:42:50 IST" duration-ms="4705">
    <groups>
    </groups>
    <test started-at="2024-02-28T12:42:46 IST" name="Default test" finished-at="2024-02-28T12:42:50 IST" duration-ms="4705">
      <class name="first.firstOne">
        <test-method signature="mm()[pri:0, instance:first.firstOne@7c7b252e]" started-at="2024-02-28T12:42:46 IST" name="mm" finished-at="2024-02-28T12:42:50 IST" duration-ms="4674" status="PASS">
          <reporter-output>
          </reporter-output>
        </test-method> <!-- mm -->
      </class> <!-- first.firstOne -->
    </test> <!-- Default test -->
  </suite> <!-- Default suite -->
</testng-results>
